<?xml version="1.0" encoding="UTF-8"?>
<Site BuildName="(empty)"
	BuildStamp="20230724-1353-Experimental"
	Name="(empty)"
	Generator="ctest-3.27.0"
	CompilerName=""
	CompilerVersion=""
	OSName="macOS"
	Hostname="MBP-de-Audrey.lan"
	OSRelease="13.4.1"
	OSVersion="22F770820d"
	OSPlatform="arm64"
	Is64Bits="1"
	VendorString="IBM"
	VendorID="IBM"
	FamilyID="16777228"
	ModelID="2"
	ProcessorCacheSize="131072"
	NumberOfLogicalCPU="12"
	NumberOfPhysicalCPU="12"
	TotalVirtualMemory="0"
	TotalPhysicalMemory="16384"
	LogicalProcessorsPerPhysical="12"
	ProcessorClockFrequency="0"
	>
	<Testing>
		<StartDateTime>Jul 24 16:08 CEST</StartDateTime>
		<StartTestTime>1690207707</StartTestTime>
		<TestList/>
		<EndDateTime>Jul 24 16:08 CEST</EndDateTime>
		<EndTestTime>1690207707</EndTestTime>
		<ElapsedMinutes>0</ElapsedMinutes>
	</Testing>
</Site>
